<?xml version="1.0" encoding="UTF-8"?>
<testsuite xmlns:xsi="http://www.w3.org/2001/XMLSchema-instance" xsi:noNamespaceSchemaLocation="https://maven.apache.org/surefire/maven-surefire-plugin/xsd/surefire-test-report-3.0.xsd" version="3.0" name="TestSuite" time="27.234" tests="1" errors="0" skipped="0" failures="0">
  <properties>
    <property name="java.specification.version" value="23"/>
    <property name="sun.jnu.encoding" value="UTF-8"/>
    <property name="java.class.path" value="/Users/sbogd/Documents/Appium+Java/target/test-classes:/Users/sbogd/Documents/Appium+Java/target/classes:/Users/sbogd/.m2/repository/io/appium/java-client/9.0.0/java-client-9.0.0.jar:/Users/sbogd/.m2/repository/org/seleniumhq/selenium/selenium-api/4.33.0/selenium-api-4.33.0.jar:/Users/sbogd/.m2/repository/org/jspecify/jspecify/1.0.0/jspecify-1.0.0.jar:/Users/sbogd/.m2/repository/org/seleniumhq/selenium/selenium-support/4.33.0/selenium-support-4.33.0.jar:/Users/sbogd/.m2/repository/com/google/auto/service/auto-service-annotations/1.1.1/auto-service-annotations-1.1.1.jar:/Users/sbogd/.m2/repository/com/google/guava/guava/33.4.8-jre/guava-33.4.8-jre.jar:/Users/sbogd/.m2/repository/com/google/guava/failureaccess/1.0.3/failureaccess-1.0.3.jar:/Users/sbogd/.m2/repository/com/google/guava/listenablefuture/9999.0-empty-to-avoid-conflict-with-guava/listenablefuture-9999.0-empty-to-avoid-conflict-with-guava.jar:/Users/sbogd/.m2/repository/com/google/errorprone/error_prone_annotations/2.36.0/error_prone_annotations-2.36.0.jar:/Users/sbogd/.m2/repository/com/google/j2objc/j2objc-annotations/3.0.0/j2objc-annotations-3.0.0.jar:/Users/sbogd/.m2/repository/net/bytebuddy/byte-buddy/1.17.5/byte-buddy-1.17.5.jar:/Users/sbogd/.m2/repository/org/seleniumhq/selenium/selenium-json/4.33.0/selenium-json-4.33.0.jar:/Users/sbogd/.m2/repository/org/slf4j/slf4j-api/2.0.9/slf4j-api-2.0.9.jar:/Users/sbogd/.m2/repository/org/seleniumhq/selenium/selenium-java/4.18.0/selenium-java-4.18.0.jar:/Users/sbogd/.m2/repository/org/seleniumhq/selenium/selenium-chrome-driver/4.18.0/selenium-chrome-driver-4.18.0.jar:/Users/sbogd/.m2/repository/org/seleniumhq/selenium/selenium-chromium-driver/4.18.0/selenium-chromium-driver-4.18.0.jar:/Users/sbogd/.m2/repository/org/seleniumhq/selenium/selenium-manager/4.18.0/selenium-manager-4.18.0.jar:/Users/sbogd/.m2/repository/org/seleniumhq/selenium/selenium-devtools-v119/4.18.0/selenium-devtools-v119-4.18.0.jar:/Users/sbogd/.m2/repository/org/seleniumhq/selenium/selenium-devtools-v120/4.18.0/selenium-devtools-v120-4.18.0.jar:/Users/sbogd/.m2/repository/org/seleniumhq/selenium/selenium-devtools-v121/4.18.0/selenium-devtools-v121-4.18.0.jar:/Users/sbogd/.m2/repository/org/seleniumhq/selenium/selenium-devtools-v85/4.18.0/selenium-devtools-v85-4.18.0.jar:/Users/sbogd/.m2/repository/org/seleniumhq/selenium/selenium-edge-driver/4.18.0/selenium-edge-driver-4.18.0.jar:/Users/sbogd/.m2/repository/org/seleniumhq/selenium/selenium-firefox-driver/4.18.0/selenium-firefox-driver-4.18.0.jar:/Users/sbogd/.m2/repository/org/seleniumhq/selenium/selenium-http/4.18.0/selenium-http-4.18.0.jar:/Users/sbogd/.m2/repository/dev/failsafe/failsafe/3.3.2/failsafe-3.3.2.jar:/Users/sbogd/.m2/repository/org/seleniumhq/selenium/selenium-ie-driver/4.18.0/selenium-ie-driver-4.18.0.jar:/Users/sbogd/.m2/repository/org/seleniumhq/selenium/selenium-remote-driver/4.18.0/selenium-remote-driver-4.18.0.jar:/Users/sbogd/.m2/repository/io/opentelemetry/semconv/opentelemetry-semconv/1.23.1-alpha/opentelemetry-semconv-1.23.1-alpha.jar:/Users/sbogd/.m2/repository/io/opentelemetry/opentelemetry-api/1.35.0/opentelemetry-api-1.35.0.jar:/Users/sbogd/.m2/repository/io/opentelemetry/opentelemetry-context/1.35.0/opentelemetry-context-1.35.0.jar:/Users/sbogd/.m2/repository/io/opentelemetry/opentelemetry-exporter-logging/1.35.0/opentelemetry-exporter-logging-1.35.0.jar:/Users/sbogd/.m2/repository/io/opentelemetry/opentelemetry-sdk-common/1.35.0/opentelemetry-sdk-common-1.35.0.jar:/Users/sbogd/.m2/repository/io/opentelemetry/opentelemetry-sdk-extension-autoconfigure-spi/1.35.0/opentelemetry-sdk-extension-autoconfigure-spi-1.35.0.jar:/Users/sbogd/.m2/repository/io/opentelemetry/opentelemetry-sdk-extension-autoconfigure/1.35.0/opentelemetry-sdk-extension-autoconfigure-1.35.0.jar:/Users/sbogd/.m2/repository/io/opentelemetry/opentelemetry-api-events/1.35.0-alpha/opentelemetry-api-events-1.35.0-alpha.jar:/Users/sbogd/.m2/repository/io/opentelemetry/opentelemetry-sdk-trace/1.35.0/opentelemetry-sdk-trace-1.35.0.jar:/Users/sbogd/.m2/repository/io/opentelemetry/opentelemetry-extension-incubator/1.35.0-alpha/opentelemetry-extension-incubator-1.35.0-alpha.jar:/Users/sbogd/.m2/repository/io/opentelemetry/opentelemetry-sdk/1.35.0/opentelemetry-sdk-1.35.0.jar:/Users/sbogd/.m2/repository/io/opentelemetry/opentelemetry-sdk-metrics/1.35.0/opentelemetry-sdk-metrics-1.35.0.jar:/Users/sbogd/.m2/repository/io/opentelemetry/opentelemetry-sdk-logs/1.35.0/opentelemetry-sdk-logs-1.35.0.jar:/Users/sbogd/.m2/repository/org/seleniumhq/selenium/selenium-os/4.18.0/selenium-os-4.18.0.jar:/Users/sbogd/.m2/repository/org/apache/commons/commons-exec/1.3/commons-exec-1.3.jar:/Users/sbogd/.m2/repository/org/seleniumhq/selenium/selenium-safari-driver/4.18.0/selenium-safari-driver-4.18.0.jar:/Users/sbogd/.m2/repository/org/testng/testng/7.8.0/testng-7.8.0.jar:/Users/sbogd/.m2/repository/com/beust/jcommander/1.82/jcommander-1.82.jar:/Users/sbogd/.m2/repository/org/webjars/jquery/3.6.1/jquery-3.6.1.jar:/Users/sbogd/.m2/repository/org/slf4j/slf4j-simple/2.0.7/slf4j-simple-2.0.7.jar:/Users/sbogd/.m2/repository/com/google/code/gson/gson/2.10.1/gson-2.10.1.jar:/Users/sbogd/.m2/repository/commons-io/commons-io/2.15.1/commons-io-2.15.1.jar:"/>
    <property name="java.vm.vendor" value="Homebrew"/>
    <property name="sun.arch.data.model" value="64"/>
    <property name="java.vendor.url" value="https://github.com/Homebrew/homebrew-core/issues"/>
    <property name="user.timezone" value="Europe/Sofia"/>
    <property name="os.name" value="Mac OS X"/>
    <property name="java.vm.specification.version" value="23"/>
    <property name="sun.java.launcher" value="SUN_STANDARD"/>
    <property name="user.country" value="GB"/>
    <property name="sun.boot.library.path" value="/opt/homebrew/Cellar/openjdk/23.0.2/libexec/openjdk.jdk/Contents/Home/lib"/>
    <property name="sun.java.command" value="/Users/sbogd/Documents/Appium+Java/target/surefire/surefirebooter-20250525234817944_3.jar /Users/sbogd/Documents/Appium+Java/target/surefire 2025-05-25T23-48-17_907-jvmRun1 surefire-20250525234817944_1tmp surefire_0-20250525234817944_2tmp"/>
    <property name="http.nonProxyHosts" value="local|*.local|169.254/16|*.169.254/16"/>
    <property name="jdk.debug" value="release"/>
    <property name="surefire.test.class.path" value="/Users/sbogd/Documents/Appium+Java/target/test-classes:/Users/sbogd/Documents/Appium+Java/target/classes:/Users/sbogd/.m2/repository/io/appium/java-client/9.0.0/java-client-9.0.0.jar:/Users/sbogd/.m2/repository/org/seleniumhq/selenium/selenium-api/4.33.0/selenium-api-4.33.0.jar:/Users/sbogd/.m2/repository/org/jspecify/jspecify/1.0.0/jspecify-1.0.0.jar:/Users/sbogd/.m2/repository/org/seleniumhq/selenium/selenium-support/4.33.0/selenium-support-4.33.0.jar:/Users/sbogd/.m2/repository/com/google/auto/service/auto-service-annotations/1.1.1/auto-service-annotations-1.1.1.jar:/Users/sbogd/.m2/repository/com/google/guava/guava/33.4.8-jre/guava-33.4.8-jre.jar:/Users/sbogd/.m2/repository/com/google/guava/failureaccess/1.0.3/failureaccess-1.0.3.jar:/Users/sbogd/.m2/repository/com/google/guava/listenablefuture/9999.0-empty-to-avoid-conflict-with-guava/listenablefuture-9999.0-empty-to-avoid-conflict-with-guava.jar:/Users/sbogd/.m2/repository/com/google/errorprone/error_prone_annotations/2.36.0/error_prone_annotations-2.36.0.jar:/Users/sbogd/.m2/repository/com/google/j2objc/j2objc-annotations/3.0.0/j2objc-annotations-3.0.0.jar:/Users/sbogd/.m2/repository/net/bytebuddy/byte-buddy/1.17.5/byte-buddy-1.17.5.jar:/Users/sbogd/.m2/repository/org/seleniumhq/selenium/selenium-json/4.33.0/selenium-json-4.33.0.jar:/Users/sbogd/.m2/repository/org/slf4j/slf4j-api/2.0.9/slf4j-api-2.0.9.jar:/Users/sbogd/.m2/repository/org/seleniumhq/selenium/selenium-java/4.18.0/selenium-java-4.18.0.jar:/Users/sbogd/.m2/repository/org/seleniumhq/selenium/selenium-chrome-driver/4.18.0/selenium-chrome-driver-4.18.0.jar:/Users/sbogd/.m2/repository/org/seleniumhq/selenium/selenium-chromium-driver/4.18.0/selenium-chromium-driver-4.18.0.jar:/Users/sbogd/.m2/repository/org/seleniumhq/selenium/selenium-manager/4.18.0/selenium-manager-4.18.0.jar:/Users/sbogd/.m2/repository/org/seleniumhq/selenium/selenium-devtools-v119/4.18.0/selenium-devtools-v119-4.18.0.jar:/Users/sbogd/.m2/repository/org/seleniumhq/selenium/selenium-devtools-v120/4.18.0/selenium-devtools-v120-4.18.0.jar:/Users/sbogd/.m2/repository/org/seleniumhq/selenium/selenium-devtools-v121/4.18.0/selenium-devtools-v121-4.18.0.jar:/Users/sbogd/.m2/repository/org/seleniumhq/selenium/selenium-devtools-v85/4.18.0/selenium-devtools-v85-4.18.0.jar:/Users/sbogd/.m2/repository/org/seleniumhq/selenium/selenium-edge-driver/4.18.0/selenium-edge-driver-4.18.0.jar:/Users/sbogd/.m2/repository/org/seleniumhq/selenium/selenium-firefox-driver/4.18.0/selenium-firefox-driver-4.18.0.jar:/Users/sbogd/.m2/repository/org/seleniumhq/selenium/selenium-http/4.18.0/selenium-http-4.18.0.jar:/Users/sbogd/.m2/repository/dev/failsafe/failsafe/3.3.2/failsafe-3.3.2.jar:/Users/sbogd/.m2/repository/org/seleniumhq/selenium/selenium-ie-driver/4.18.0/selenium-ie-driver-4.18.0.jar:/Users/sbogd/.m2/repository/org/seleniumhq/selenium/selenium-remote-driver/4.18.0/selenium-remote-driver-4.18.0.jar:/Users/sbogd/.m2/repository/io/opentelemetry/semconv/opentelemetry-semconv/1.23.1-alpha/opentelemetry-semconv-1.23.1-alpha.jar:/Users/sbogd/.m2/repository/io/opentelemetry/opentelemetry-api/1.35.0/opentelemetry-api-1.35.0.jar:/Users/sbogd/.m2/repository/io/opentelemetry/opentelemetry-context/1.35.0/opentelemetry-context-1.35.0.jar:/Users/sbogd/.m2/repository/io/opentelemetry/opentelemetry-exporter-logging/1.35.0/opentelemetry-exporter-logging-1.35.0.jar:/Users/sbogd/.m2/repository/io/opentelemetry/opentelemetry-sdk-common/1.35.0/opentelemetry-sdk-common-1.35.0.jar:/Users/sbogd/.m2/repository/io/opentelemetry/opentelemetry-sdk-extension-autoconfigure-spi/1.35.0/opentelemetry-sdk-extension-autoconfigure-spi-1.35.0.jar:/Users/sbogd/.m2/repository/io/opentelemetry/opentelemetry-sdk-extension-autoconfigure/1.35.0/opentelemetry-sdk-extension-autoconfigure-1.35.0.jar:/Users/sbogd/.m2/repository/io/opentelemetry/opentelemetry-api-events/1.35.0-alpha/opentelemetry-api-events-1.35.0-alpha.jar:/Users/sbogd/.m2/repository/io/opentelemetry/opentelemetry-sdk-trace/1.35.0/opentelemetry-sdk-trace-1.35.0.jar:/Users/sbogd/.m2/repository/io/opentelemetry/opentelemetry-extension-incubator/1.35.0-alpha/opentelemetry-extension-incubator-1.35.0-alpha.jar:/Users/sbogd/.m2/repository/io/opentelemetry/opentelemetry-sdk/1.35.0/opentelemetry-sdk-1.35.0.jar:/Users/sbogd/.m2/repository/io/opentelemetry/opentelemetry-sdk-metrics/1.35.0/opentelemetry-sdk-metrics-1.35.0.jar:/Users/sbogd/.m2/repository/io/opentelemetry/opentelemetry-sdk-logs/1.35.0/opentelemetry-sdk-logs-1.35.0.jar:/Users/sbogd/.m2/repository/org/seleniumhq/selenium/selenium-os/4.18.0/selenium-os-4.18.0.jar:/Users/sbogd/.m2/repository/org/apache/commons/commons-exec/1.3/commons-exec-1.3.jar:/Users/sbogd/.m2/repository/org/seleniumhq/selenium/selenium-safari-driver/4.18.0/selenium-safari-driver-4.18.0.jar:/Users/sbogd/.m2/repository/org/testng/testng/7.8.0/testng-7.8.0.jar:/Users/sbogd/.m2/repository/com/beust/jcommander/1.82/jcommander-1.82.jar:/Users/sbogd/.m2/repository/org/webjars/jquery/3.6.1/jquery-3.6.1.jar:/Users/sbogd/.m2/repository/org/slf4j/slf4j-simple/2.0.7/slf4j-simple-2.0.7.jar:/Users/sbogd/.m2/repository/com/google/code/gson/gson/2.10.1/gson-2.10.1.jar:/Users/sbogd/.m2/repository/commons-io/commons-io/2.15.1/commons-io-2.15.1.jar:"/>
    <property name="sun.cpu.endian" value="little"/>
    <property name="user.home" value="/Users/sbogd"/>
    <property name="user.language" value="en"/>
    <property name="java.specification.vendor" value="Oracle Corporation"/>
    <property name="java.version.date" value="2025-01-21"/>
    <property name="java.home" value="/opt/homebrew/Cellar/openjdk/23.0.2/libexec/openjdk.jdk/Contents/Home"/>
    <property name="file.separator" value="/"/>
    <property name="basedir" value="/Users/sbogd/Documents/Appium+Java"/>
    <property name="java.vm.compressedOopsMode" value="Zero based"/>
    <property name="line.separator" value="&#10;"/>
    <property name="java.vm.specification.vendor" value="Oracle Corporation"/>
    <property name="java.specification.name" value="Java Platform API Specification"/>
    <property name="apple.awt.application.name" value="ForkedBooter"/>
    <property name="surefire.real.class.path" value="/Users/sbogd/Documents/Appium+Java/target/surefire/surefirebooter-20250525234817944_3.jar"/>
    <property name="sun.management.compiler" value="HotSpot 64-Bit Tiered Compilers"/>
    <property name="ftp.nonProxyHosts" value="local|*.local|169.254/16|*.169.254/16"/>
    <property name="java.runtime.version" value="23.0.2"/>
    <property name="user.name" value="sbogd"/>
    <property name="stdout.encoding" value="UTF-8"/>
    <property name="path.separator" value=":"/>
    <property name="os.version" value="15.5"/>
    <property name="java.runtime.name" value="OpenJDK Runtime Environment"/>
    <property name="file.encoding" value="UTF-8"/>
    <property name="java.vm.name" value="OpenJDK 64-Bit Server VM"/>
    <property name="java.vendor.version" value="Homebrew"/>
    <property name="localRepository" value="/Users/sbogd/.m2/repository"/>
    <property name="java.vendor.url.bug" value="https://github.com/Homebrew/homebrew-core/issues"/>
    <property name="java.io.tmpdir" value="/var/folders/t3/m946htvn5l56n8db1t7b2jr40000gn/T/"/>
    <property name="java.version" value="23.0.2"/>
    <property name="user.dir" value="/Users/sbogd/Documents/Appium+Java"/>
    <property name="os.arch" value="aarch64"/>
    <property name="java.vm.specification.name" value="Java Virtual Machine Specification"/>
    <property name="native.encoding" value="UTF-8"/>
    <property name="java.library.path" value="/Users/sbogd/Library/Java/Extensions:/Library/Java/Extensions:/Network/Library/Java/Extensions:/System/Library/Java/Extensions:/usr/lib/java:."/>
    <property name="java.vm.info" value="mixed mode, sharing"/>
    <property name="stderr.encoding" value="UTF-8"/>
    <property name="java.vendor" value="Homebrew"/>
    <property name="java.vm.version" value="23.0.2"/>
    <property name="sun.io.unicode.encoding" value="UnicodeBig"/>
    <property name="socksNonProxyHosts" value="local|*.local|169.254/16|*.169.254/16"/>
    <property name="java.class.version" value="67.0"/>
  </properties>
  <testcase name="openMenuAndGoToFootballLive" classname="tests.FootballLiveEventsSortingAndFiltering" time="21.564">
    <system-out><![CDATA[------
Football has 59 events.
------
Tennis has 11 events.
------
Table Tennis has 11 events.
------
Baseball has 12 events.
------ Events with at least one odd between 1.50 and 2.50 ------
---------------------------------------------------------------
------ Events sorted by sum of odds (descending) ------
119.31 | San Lorenzo 0 - 1 CA Platense | Market: Match Result | Odds: [110.0, 8.25, 1.06]
82.56 | New York City FC 2 - 1 Chicago Fire | Market: Match Result | Odds: [1.06, 8.5, 73.0]
79.53 | FH Hafnarfjordur 2 - 0 Breidablik | Market: Match Result | Odds: [1.03, 11.5, 67.0]
------------------------------------------------------
------ Events with Equal Scores (e.g. 1:1, 2:2, ...) ------
-----------------------------------------------------------
Screenshot saved: /Users/sbogd/Documents/Appium+Java/screenshots/football_live_events_25-05-2025-23:48.png
Test finished successfully!
[PASSED] tests.FootballLiveEventsSortingAndFiltering.openMenuAndGoToFootballLive (21565 ms)
]]></system-out>
  </testcase>
</testsuite>