<?xml version="1.0" encoding="UTF-8"?>
<!-- Generated by org.testng.reporters.JUnitReportReporter -->
<testsuite hostname="Svilkos-Mac.local" failures="0" tests="1" name="tests.FootballLiveEventsSortingAndFiltering" time="33.944" errors="0" timestamp="2025-05-25T23:59:34 EEST" skipped="0">
  <testcase classname="tests.FootballLiveEventsSortingAndFiltering" name="openMenuAndGoToFootballLive" time="33.944"/>
</testsuite> <!-- tests.FootballLiveEventsSortingAndFiltering -->
