<?xml version="1.0" encoding="UTF-8"?>
<!-- Generated by org.testng.reporters.JUnitReportReporter -->
<testsuite hostname="Svilkos-Mac.local" failures="0" tests="1" name="tests.SimpleAppiumTest" time="18.451" errors="0" timestamp="2025-05-24T23:17:12 EEST" skipped="0">
  <testcase classname="tests.SimpleAppiumTest" name="openMenuAndGoToFootballLive" time="18.451"/>
</testsuite> <!-- tests.SimpleAppiumTest -->
